\BOOKMARK [1][-]{section.1}{\376\377\000I\000m\000a\000g\000e\000\040\000a\000u\000f\000\040\000d\000i\000e\000\040\000m\000i\000c\000r\000o\000S\000D\000-\000K\000a\000r\000t\000e\000\040\000s\000c\000h\000r\000e\000i\000b\000e\000n}{}% 1
\BOOKMARK [2][-]{subsection.1.1}{\376\377\000D\000a\000s\000\040\000J\000e\000t\000s\000o\000n\000\040\000O\000r\000i\000n\000\040\000N\000a\000n\000o\000\040\000D\000e\000v\000e\000l\000o\000p\000e\000r\000\040\000K\000i\000t\000-\000I\000m\000a\000g\000e\000\040\000h\000e\000r\000u\000n\000t\000e\000r\000l\000a\000d\000e\000n}{section.1}% 2
\BOOKMARK [2][-]{subsection.1.2}{\376\377\000m\000i\000c\000r\000o\000S\000D\000-\000K\000a\000r\000t\000e\000\040\000i\000n\000\040\000d\000e\000n\000\040\000H\000o\000s\000t\000-\000C\000o\000m\000p\000u\000t\000e\000r\000\040\000e\000i\000n\000l\000e\000g\000e\000n}{section.1}% 3
\BOOKMARK [2][-]{subsection.1.3}{\376\377\000N\000u\000t\000z\000e\000n\000\040\000S\000i\000e\000\040\000S\000D\000\040\000C\000a\000r\000d\000\040\000F\000o\000r\000m\000a\000t\000t\000e\000r\000,\000\040\000u\000m\000\040\000d\000i\000e\000\040\000S\000D\000\040\000K\000a\000r\000t\000e\000\040\000z\000u\000\040\000f\000o\000r\000m\000a\000t\000i\000e\000r\000e\000n\000.}{section.1}% 4
\BOOKMARK [2][-]{subsection.1.4}{\376\377\0004\000.\000\040\000I\000m\000a\000g\000e\000\040\000a\000u\000f\000\040\000d\000i\000e\000\040\000m\000i\000c\000r\000o\000S\000D\000-\000K\000a\000r\000t\000e\000\040\000s\000c\000h\000r\000e\000i\000b\000e\000n}{section.1}% 5
\BOOKMARK [2][-]{subsection.1.5}{\376\377\0004\000.\000\040\000I\000m\000a\000g\000e\000\040\000\374\000b\000e\000r\000p\000r\000\374\000f\000e\000n}{section.1}% 6
\BOOKMARK [2][-]{subsection.1.6}{\376\377\0005\000.\000\040\000m\000i\000c\000r\000o\000S\000D\000-\000K\000a\000r\000t\000e\000\040\000s\000i\000c\000h\000e\000r\000\040\000e\000n\000t\000f\000e\000r\000n\000e\000n}{section.1}% 7
\BOOKMARK [1][-]{section.2}{\376\377\000E\000i\000n\000r\000i\000c\000h\000t\000u\000n\000g\000\040\000u\000n\000d\000\040\000e\000r\000s\000t\000e\000r\000\040\000S\000t\000a\000r\000t}{}% 8
\BOOKMARK [2][-]{subsection.2.1}{\376\377\0001\000.\000\040\000V\000e\000r\000b\000i\000n\000d\000u\000n\000g\000e\000n\000\040\000h\000e\000r\000s\000t\000e\000l\000l\000e\000n}{section.2}% 9
\BOOKMARK [2][-]{subsection.2.2}{\376\377\0002\000.\000\040\000E\000r\000s\000t\000e\000r\000\040\000S\000t\000a\000r\000t}{section.2}% 10
\BOOKMARK [2][-]{subsection.2.3}{\376\377\0003\000.\000\040\000N\000a\000c\000h\000\040\000d\000e\000m\000\040\000L\000o\000g\000i\000n}{section.2}% 11
\BOOKMARK [1][-]{section.3}{\376\377\000N\000\344\000c\000h\000s\000t\000e\000\040\000S\000c\000h\000r\000i\000t\000t\000e}{}% 12
\BOOKMARK [1][-]{section.4}{\376\377\000T\000e\000c\000h\000n\000i\000s\000c\000h\000e\000\040\000S\000p\000e\000z\000i\000f\000i\000k\000a\000t\000i\000o\000n\000e\000n}{}% 13
\BOOKMARK [2][-]{subsection.4.1}{\376\377\000P\000r\000o\000z\000e\000s\000s\000o\000r\000\040\000\050\000C\000P\000U\000\051}{section.4}% 14
\BOOKMARK [2][-]{subsection.4.2}{\376\377\000G\000r\000a\000f\000i\000k\000p\000r\000o\000z\000e\000s\000s\000o\000r\000\040\000\050\000G\000P\000U\000\051}{section.4}% 15
\BOOKMARK [2][-]{subsection.4.3}{\376\377\000S\000p\000e\000i\000c\000h\000e\000r\000\040\000\050\000R\000A\000M\000\051}{section.4}% 16
\BOOKMARK [2][-]{subsection.4.4}{\376\377\000S\000c\000h\000n\000i\000t\000t\000s\000t\000e\000l\000l\000e\000n\000\040\000u\000n\000d\000\040\000I\000/\000O}{section.4}% 17
\BOOKMARK [2][-]{subsection.4.5}{\376\377\000L\000e\000i\000s\000t\000u\000n\000g\000\040\000u\000n\000d\000\040\000E\000n\000e\000r\000g\000i\000e\000v\000e\000r\000b\000r\000a\000u\000c\000h}{section.4}% 18
\BOOKMARK [2][-]{subsection.4.6}{\376\377\000S\000o\000f\000t\000w\000a\000r\000e\000u\000n\000t\000e\000r\000s\000t\000\374\000t\000z\000u\000n\000g}{section.4}% 19
\BOOKMARK [1][-]{section.5}{\376\377\000V\000e\000r\000g\000l\000e\000i\000c\000h\000\040\000d\000e\000r\000\040\000M\000o\000d\000e\000l\000l\000e}{}% 20
