\BOOKMARK [1][-]{section.1}{\376\377\000G\000r\000u\000n\000d\000l\000a\000g\000e\000n}{}% 1
\BOOKMARK [2][-]{subsection.1.1}{\376\377\000D\000o\000k\000u\000m\000e\000n\000t\000s\000t\000r\000u\000k\000t\000u\000r}{section.1}% 2
\BOOKMARK [2][-]{subsection.1.2}{\376\377\000Z\000e\000i\000l\000e\000n\000u\000m\000b\000r\000u\000c\000h\000\040\000u\000n\000d\000\040\000A\000b\000s\000a\000t\000z}{section.1}% 3
\BOOKMARK [1][-]{section.2}{\376\377\000T\000e\000x\000t\000f\000o\000r\000m\000a\000t\000i\000e\000r\000u\000n\000g}{}% 4
\BOOKMARK [2][-]{subsection.2.1}{\376\377\000F\000e\000t\000t\000,\000\040\000K\000u\000r\000s\000i\000v\000\040\000u\000n\000d\000\040\000U\000n\000t\000e\000r\000s\000t\000r\000e\000i\000c\000h\000e\000n}{section.2}% 5
\BOOKMARK [2][-]{subsection.2.2}{\376\377\000S\000c\000h\000r\000i\000f\000t\000g\000r\000\366\000\337\000e}{section.2}% 6
\BOOKMARK [2][-]{subsection.2.3}{\376\377\000H\000o\000c\000h\000-\000\040\000u\000n\000d\000\040\000T\000i\000e\000f\000s\000t\000e\000l\000l\000e\000n}{section.2}% 7
\BOOKMARK [1][-]{section.3}{\376\377\000L\000i\000s\000t\000e\000n}{}% 8
\BOOKMARK [2][-]{subsection.3.1}{\376\377\000N\000u\000m\000m\000e\000r\000i\000e\000r\000t\000e\000\040\000L\000i\000s\000t\000e}{section.3}% 9
\BOOKMARK [2][-]{subsection.3.2}{\376\377\000A\000u\000f\000z\000\344\000h\000l\000u\000n\000g\000\040\000\050\000B\000u\000l\000l\000e\000t\000\040\000P\000o\000i\000n\000t\000s\000\051}{section.3}% 10
\BOOKMARK [1][-]{section.4}{\376\377\000T\000a\000b\000e\000l\000l\000e\000n}{}% 11
\BOOKMARK [2][-]{subsection.4.1}{\376\377\000E\000i\000n\000f\000a\000c\000h\000e\000\040\000T\000a\000b\000e\000l\000l\000e}{section.4}% 12
\BOOKMARK [1][-]{section.5}{\376\377\000B\000i\000l\000d\000e\000r\000\040\000E\000i\000n\000f\000\374\000g\000e\000n}{}% 13
\BOOKMARK [1][-]{section.6}{\376\377\000L\000i\000n\000k\000s\000\040\000E\000i\000n\000f\000\374\000g\000e\000n}{}% 14
\BOOKMARK [2][-]{subsection.6.1}{\376\377\000E\000x\000t\000e\000r\000n\000e\000r\000\040\000L\000i\000n\000k}{section.6}% 15
\BOOKMARK [2][-]{subsection.6.2}{\376\377\000I\000n\000t\000e\000r\000n\000e\000r\000\040\000L\000i\000n\000k}{section.6}% 16
\BOOKMARK [1][-]{section.7}{\376\377\000F\000u\000\337\000n\000o\000t\000e\000n}{}% 17
\BOOKMARK [1][-]{section.8}{\376\377\000M\000a\000t\000h\000e\000m\000a\000t\000i\000k}{}% 18
\BOOKMARK [2][-]{subsection.8.1}{\376\377\000I\000n\000l\000i\000n\000e\000-\000M\000a\000t\000h\000e\000m\000a\000t\000i\000k}{section.8}% 19
\BOOKMARK [2][-]{subsection.8.2}{\376\377\000G\000l\000e\000i\000c\000h\000u\000n\000g\000\040\000i\000n\000\040\000e\000i\000g\000e\000n\000e\000r\000\040\000Z\000e\000i\000l\000e}{section.8}% 20
\BOOKMARK [1][-]{section.9}{\376\377\000Z\000i\000t\000a\000t\000e\000\040\000u\000n\000d\000\040\000L\000i\000t\000e\000r\000a\000t\000u\000r\000v\000e\000r\000z\000e\000i\000c\000h\000n\000i\000s}{}% 21
\BOOKMARK [1][-]{section.10}{\376\377\000C\000o\000d\000e\000\040\000E\000i\000n\000f\000\374\000g\000e\000n}{}% 22
