This is pdfTeX, Version 3.141592653-2.6-1.40.26 (TeX Live 2024) (preloaded format=pdflatex 2024.11.29)  1 DEC 2024 15:47
entering extended mode
 restricted \write18 enabled.
 file:line:error style messages enabled.
 %&-line parsing enabled.
**c:/Users/dell/OneDrive/Desktop/Praxisphase/Yolo/ersteSchritteObjektErkennung.tex
(c:/Users/dell/OneDrive/Desktop/Praxisphase/Yolo/ersteSchritteObjektErkennung.tex
LaTeX2e <2024-11-01> patch level 1
L3 programming layer <2024-11-02>
(e:/StudiemSoftware/texlive/2024/texmf-dist/tex/latex/base/article.cls
Document Class: article 2024/06/29 v1.4n Standard LaTeX document class
(e:/StudiemSoftware/texlive/2024/texmf-dist/tex/latex/base/size10.clo
File: size10.clo 2024/06/29 v1.4n Standard LaTeX file (size option)
)
\c@part=\count196
\c@section=\count197
\c@subsection=\count198
\c@subsubsection=\count199
\c@paragraph=\count266
\c@subparagraph=\count267
\c@figure=\count268
\c@table=\count269
\abovecaptionskip=\skip49
\belowcaptionskip=\skip50
\bibindent=\dimen141
) (e:/StudiemSoftware/texlive/2024/texmf-dist/tex/latex/listings/listings.sty (e:/StudiemSoftware/texlive/2024/texmf-dist/tex/latex/graphics/keyval.sty
Package: keyval 2022/05/29 v1.15 key=value parser (DPC)
\KV@toks@=\toks17
)
\lst@mode=\count270
\lst@gtempboxa=\box52
\lst@token=\toks18
\lst@length=\count271
\lst@currlwidth=\dimen142
\lst@column=\count272
\lst@pos=\count273
\lst@lostspace=\dimen143
\lst@width=\dimen144
\lst@newlines=\count274
\lst@lineno=\count275
\lst@maxwidth=\dimen145
 (e:/StudiemSoftware/texlive/2024/texmf-dist/tex/latex/listings/lstpatch.sty
File: lstpatch.sty 2024/09/23 1.10c (Carsten Heinz)
) (e:/StudiemSoftware/texlive/2024/texmf-dist/tex/latex/listings/lstmisc.sty
File: lstmisc.sty 2024/09/23 1.10c (Carsten Heinz)
\c@lstnumber=\count276
\lst@skipnumbers=\count277
\lst@framebox=\box53
) (e:/StudiemSoftware/texlive/2024/texmf-dist/tex/latex/listings/listings.cfg
File: listings.cfg 2024/09/23 1.10c listings configuration
))
Package: listings 2024/09/23 1.10c (Carsten Heinz)
 (e:/StudiemSoftware/texlive/2024/texmf-dist/tex/latex/graphics/graphicx.sty
Package: graphicx 2021/09/16 v1.2d Enhanced LaTeX Graphics (DPC,SPQR)
 (e:/StudiemSoftware/texlive/2024/texmf-dist/tex/latex/graphics/graphics.sty
Package: graphics 2024/08/06 v1.4g Standard LaTeX Graphics (DPC,SPQR)
 (e:/StudiemSoftware/texlive/2024/texmf-dist/tex/latex/graphics/trig.sty
Package: trig 2023/12/02 v1.11 sin cos tan (DPC)
) (e:/StudiemSoftware/texlive/2024/texmf-dist/tex/latex/graphics-cfg/graphics.cfg
File: graphics.cfg 2016/06/04 v1.11 sample graphics configuration
)
Package graphics Info: Driver file: pdftex.def on input line 106.
 (e:/StudiemSoftware/texlive/2024/texmf-dist/tex/latex/graphics-def/pdftex.def
File: pdftex.def 2024/04/13 v1.2c Graphics/color driver for pdftex
))
\Gin@req@height=\dimen146
\Gin@req@width=\dimen147
) (e:/StudiemSoftware/texlive/2024/texmf-dist/tex/latex/xcolor/xcolor.sty
Package: xcolor 2024/09/29 v3.02 LaTeX color extensions (UK)
 (e:/StudiemSoftware/texlive/2024/texmf-dist/tex/latex/graphics-cfg/color.cfg
File: color.cfg 2016/01/02 v1.6 sample color configuration
)
Package xcolor Info: Driver file: pdftex.def on input line 274.
 (e:/StudiemSoftware/texlive/2024/texmf-dist/tex/latex/graphics/mathcolor.ltx)
Package xcolor Info: Model `cmy' substituted by `cmy0' on input line 1349.
Package xcolor Info: Model `hsb' substituted by `rgb' on input line 1353.
Package xcolor Info: Model `RGB' extended on input line 1365.
Package xcolor Info: Model `HTML' substituted by `rgb' on input line 1367.
Package xcolor Info: Model `Hsb' substituted by `hsb' on input line 1368.
Package xcolor Info: Model `tHsb' substituted by `hsb' on input line 1369.
Package xcolor Info: Model `HSB' substituted by `hsb' on input line 1370.
Package xcolor Info: Model `Gray' substituted by `gray' on input line 1371.
Package xcolor Info: Model `wave' substituted by `hsb' on input line 1372.
) (e:/StudiemSoftware/texlive/2024/texmf-dist/tex/latex/l3backend/l3backend-pdftex.def
File: l3backend-pdftex.def 2024-05-08 L3 backend support: PDF output (pdfTeX)
\l__color_backend_stack_int=\count278
\l__pdf_internal_box=\box54
) (./ersteSchritteObjektErkennung.aux)
\openout1 = `ersteSchritteObjektErkennung.aux'.

LaTeX Font Info:    Checking defaults for OML/cmm/m/it on input line 22.
LaTeX Font Info:    ... okay on input line 22.
LaTeX Font Info:    Checking defaults for OMS/cmsy/m/n on input line 22.
LaTeX Font Info:    ... okay on input line 22.
LaTeX Font Info:    Checking defaults for OT1/cmr/m/n on input line 22.
LaTeX Font Info:    ... okay on input line 22.
LaTeX Font Info:    Checking defaults for T1/cmr/m/n on input line 22.
LaTeX Font Info:    ... okay on input line 22.
LaTeX Font Info:    Checking defaults for TS1/cmr/m/n on input line 22.
LaTeX Font Info:    ... okay on input line 22.
LaTeX Font Info:    Checking defaults for OMX/cmex/m/n on input line 22.
LaTeX Font Info:    ... okay on input line 22.
LaTeX Font Info:    Checking defaults for U/cmr/m/n on input line 22.
LaTeX Font Info:    ... okay on input line 22.
\c@lstlisting=\count279
 (e:/StudiemSoftware/texlive/2024/texmf-dist/tex/context/base/mkii/supp-pdf.mkii
[Loading MPS to PDF converter (version 2006.09.02).]
\scratchcounter=\count280
\scratchdimen=\dimen148
\scratchbox=\box55
\nofMPsegments=\count281
\nofMParguments=\count282
\everyMPshowfont=\toks19
\MPscratchCnt=\count283
\MPscratchDim=\dimen149
\MPnumerator=\count284
\makeMPintoPDFobject=\count285
\everyMPtoPDFconversion=\toks20
) (e:/StudiemSoftware/texlive/2024/texmf-dist/tex/latex/epstopdf-pkg/epstopdf-base.sty
Package: epstopdf-base 2020-01-24 v2.11 Base part for package epstopdf
Package epstopdf-base Info: Redefining graphics rule for `.eps' on input line 485.
 (e:/StudiemSoftware/texlive/2024/texmf-dist/tex/latex/latexconfig/epstopdf-sys.cfg
File: epstopdf-sys.cfg 2010/07/13 v1.3 Configuration of (r)epstopdf for TeX Live
))
LaTeX Font Info:    External font `cmex10' loaded for size
(Font)              <12> on input line 23.
LaTeX Font Info:    External font `cmex10' loaded for size
(Font)              <8> on input line 23.
LaTeX Font Info:    External font `cmex10' loaded for size
(Font)              <6> on input line 23.
 (e:/StudiemSoftware/texlive/2024/texmf-dist/tex/latex/listings/lstlang1.sty
File: lstlang1.sty 2024/09/23 1.10c listings language file
) (e:/StudiemSoftware/texlive/2024/texmf-dist/tex/latex/listings/lstlang1.sty
File: lstlang1.sty 2024/09/23 1.10c listings language file
)

[1

{e:/StudiemSoftware/texlive/2024/texmf-var/fonts/map/pdftex/updmap/pdftex.map}{e:/StudiemSoftware/texlive/2024/texmf-dist/fonts/enc/dvips/cm-super/cm-super-ts1.enc}]
<Bilder/terminalErgebnisse.png, id=13, 428.60126pt x 200.75pt>
File: Bilder/terminalErgebnisse.png Graphic file (type png)
<use Bilder/terminalErgebnisse.png>
Package pdftex.def Info: Bilder/terminalErgebnisse.png  used on input line 109.
(pdftex.def)             Requested size: 276.00105pt x 129.27597pt.


[2 <./Bilder/terminalErgebnisse.png>]
<Bilder/handyErkennung.png, id=20, 624.3325pt x 338.26375pt>
File: Bilder/handyErkennung.png Graphic file (type png)
<use Bilder/handyErkennung.png>
Package pdftex.def Info: Bilder/handyErkennung.png  used on input line 119.
(pdftex.def)             Requested size: 276.00105pt x 149.53845pt.
<Bilder/mausErkennung.png, id=21, 500.87125pt x 281.05pt>
File: Bilder/mausErkennung.png Graphic file (type png)
<use Bilder/mausErkennung.png>
Package pdftex.def Info: Bilder/mausErkennung.png  used on input line 126.
(pdftex.def)             Requested size: 276.00105pt x 154.87816pt.
<Bilder/tastaturErkennung.png, id=22, 609.27625pt x 345.29pt>
File: Bilder/tastaturErkennung.png Graphic file (type png)
<use Bilder/tastaturErkennung.png>
Package pdftex.def Info: Bilder/tastaturErkennung.png  used on input line 133.
(pdftex.def)             Requested size: 276.00105pt x 156.41698pt.


[3

 <./Bilder/handyErkennung.png> <./Bilder/mausErkennung.png>]

[4 <./Bilder/tastaturErkennung.png>] (./ersteSchritteObjektErkennung.aux)
 ***********
LaTeX2e <2024-11-01> patch level 1
L3 programming layer <2024-11-02>
 ***********
 ) 
Here is how much of TeX's memory you used:
 3633 strings out of 473329
 53932 string characters out of 5715648
 740357 words of memory out of 5000000
 26771 multiletter control sequences out of 15000+600000
 563303 words of font info for 54 fonts, out of 8000000 for 9000
 1141 hyphenation exceptions out of 8191
 57i,7n,65p,281b,1246s stack positions out of 10000i,1000n,20000p,200000b,200000s
<e:/StudiemSoftware/texlive/2024/texmf-dist/fonts/type1/public/amsfonts/cm/cmbx10.pfb><e:/StudiemSoftware/texlive/2024/texmf-dist/fonts/type1/public/amsfonts/cm/cmbx12.pfb><e:/StudiemSoftware/texlive/2024/texmf-dist/fonts/type1/public/amsfonts/cm/cmr10.pfb><e:/StudiemSoftware/texlive/2024/texmf-dist/fonts/type1/public/amsfonts/cm/cmr17.pfb><e:/StudiemSoftware/texlive/2024/texmf-dist/fonts/type1/public/amsfonts/cm/cmr5.pfb><e:/StudiemSoftware/texlive/2024/texmf-dist/fonts/type1/public/amsfonts/cm/cmti10.pfb><e:/StudiemSoftware/texlive/2024/texmf-dist/fonts/type1/public/amsfonts/cm/cmtt8.pfb><e:/StudiemSoftware/texlive/2024/texmf-dist/fonts/type1/public/cm-super/sftt0800.pfb>
Output written on ersteSchritteObjektErkennung.pdf (4 pages, 957741 bytes).
PDF statistics:
 67 PDF objects out of 1000 (max. 8388607)
 36 compressed objects within 1 object stream
 0 named destinations out of 1000 (max. 500000)
 21 words of extra memory for PDF output out of 10000 (max. 10000000)

